# JRE version: OpenJDK Runtime Environment (17.0.2+8) (build 17.0.2+8-86)
# Java VM: OpenJDK 64-Bit Server VM (17.0.2+8-86, mixed mode, emulated-client, sharing, tiered, compressed oops, compressed class ptrs, g1 gc, windows-amd64)
GC Precious Log:
 CPUs: 8 total, 8 available
 Memory: 16110M
 Large Page Support: Disabled
 NUMA Support: Disabled
 Compressed Oops: Enabled (Zero based)
 Heap Region Size: 2M
 Heap Min Capacity: 8M
 Heap Initial Capacity: 252M
 Heap Max Capacity: 4028M
 Pre-touch: Disabled
 Parallel Workers: 8
 Concurrent Workers: 2
 Concurrent Refinement Workers: 8
 Periodic GC: Disabled
Heap:
 garbage-first heap   total 471040K, used 59630K [0x0000000704400000, 0x0000000800000000)
  region size 2048K, 8 young (16384K), 8 survivors (16384K)
 Metaspace       used 71470K, committed 72192K, reserved 1114112K
  class space    used 10043K, committed 10368K, reserved 1048576K
GC Heap History (20 events):
Event: 10.123 GC heap after
{Heap after GC invocations=22 (full 0):
 garbage-first heap   total 139264K, used 48707K [0x0000000704400000, 0x0000000800000000)
  region size 2048K, 3 young (6144K), 3 survivors (6144K)
 Metaspace       used 71470K, committed 72192K, reserved 1114112K
  class space    used 10043K, committed 10368K, reserved 1048576K
}
Event: 10.154 GC heap before
{Heap before GC invocations=22 (full 0):
 garbage-first heap   total 139264K, used 114243K [0x0000000704400000, 0x0000000800000000)
  region size 2048K, 35 young (71680K), 3 survivors (6144K)
 Metaspace       used 71470K, committed 72192K, reserved 1114112K
  class space    used 10043K, committed 10368K, reserved 1048576K
}
Event: 10.157 GC heap after
{Heap after GC invocations=23 (full 0):
 garbage-first heap   total 139264K, used 49393K [0x0000000704400000, 0x0000000800000000)
  region size 2048K, 3 young (6144K), 3 survivors (6144K)
 Metaspace       used 71470K, committed 72192K, reserved 1114112K
  class space    used 10043K, committed 10368K, reserved 1048576K
}
Event: 10.187 GC heap before
{Heap before GC invocations=23 (full 0):
 garbage-first heap   total 139264K, used 114929K [0x0000000704400000, 0x0000000800000000)
  region size 2048K, 35 young (71680K), 3 survivors (6144K)
 Metaspace       used 71470K, committed 72192K, reserved 1114112K
  class space    used 10043K, committed 10368K, reserved 1048576K
}
Event: 10.191 GC heap after
{Heap after GC invocations=24 (full 0):
 garbage-first heap   total 266240K, used 50081K [0x0000000704400000, 0x0000000800000000)
  region size 2048K, 3 young (6144K), 3 survivors (6144K)
 Metaspace       used 71470K, committed 72192K, reserved 1114112K
  class space    used 10043K, committed 10368K, reserved 1048576K
}
Event: 10.308 GC heap before
{Heap before GC invocations=24 (full 0):
 garbage-first heap   total 266240K, used 203681K [0x0000000704400000, 0x0000000800000000)
  region size 2048K, 78 young (159744K), 3 survivors (6144K)
 Metaspace       used 71470K, committed 72192K, reserved 1114112K
  class space    used 10043K, committed 10368K, reserved 1048576K
}
Event: 10.311 GC heap after
{Heap after GC invocations=25 (full 0):
 garbage-first heap   total 266240K, used 51502K [0x0000000704400000, 0x0000000800000000)
  region size 2048K, 4 young (8192K), 4 survivors (8192K)
 Metaspace       used 71470K, committed 72192K, reserved 1114112K
  class space    used 10043K, committed 10368K, reserved 1048576K
}
Event: 10.356 GC heap before
{Heap before GC invocations=25 (full 0):
 garbage-first heap   total 266240K, used 203054K [0x0000000704400000, 0x0000000800000000)
  region size 2048K, 78 young (159744K), 4 survivors (8192K)
 Metaspace       used 71470K, committed 72192K, reserved 1114112K
  class space    used 10043K, committed 10368K, reserved 1048576K
}
Event: 10.359 GC heap after
{Heap after GC invocations=26 (full 0):
 garbage-first heap   total 266240K, used 52880K [0x0000000704400000, 0x0000000800000000)
  region size 2048K, 4 young (8192K), 4 survivors (8192K)
 Metaspace       used 71470K, committed 72192K, reserved 1114112K
  class space    used 10043K, committed 10368K, reserved 1048576K
}
Event: 10.414 GC heap before
{Heap before GC invocations=26 (full 0):
 garbage-first heap   total 266240K, used 204432K [0x0000000704400000, 0x0000000800000000)
  region size 2048K, 78 young (159744K), 4 survivors (8192K)
 Metaspace       used 71470K, committed 72192K, reserved 1114112K
  class space    used 10043K, committed 10368K, reserved 1048576K
}
Event: 10.419 GC heap after
{Heap after GC invocations=27 (full 0):
 garbage-first heap   total 266240K, used 53871K [0x0000000704400000, 0x0000000800000000)
  region size 2048K, 5 young (10240K), 5 survivors (10240K)
 Metaspace       used 71470K, committed 72192K, reserved 1114112K
  class space    used 10043K, committed 10368K, reserved 1048576K
}
Event: 10.464 GC heap before
{Heap before GC invocations=27 (full 0):
 garbage-first heap   total 266240K, used 203375K [0x0000000704400000, 0x0000000800000000)
  region size 2048K, 78 young (159744K), 5 survivors (10240K)
 Metaspace       used 71470K, committed 72192K, reserved 1114112K
  class space    used 10043K, committed 10368K, reserved 1048576K
}
Event: 10.468 GC heap after
{Heap after GC invocations=28 (full 0):
 garbage-first heap   total 471040K, used 54748K [0x0000000704400000, 0x0000000800000000)
  region size 2048K, 5 young (10240K), 5 survivors (10240K)
 Metaspace       used 71470K, committed 72192K, reserved 1114112K
  class space    used 10043K, committed 10368K, reserved 1048576K
}
Event: 10.620 GC heap before
{Heap before GC invocations=28 (full 0):
 garbage-first heap   total 471040K, used 327132K [0x0000000704400000, 0x0000000800000000)
  region size 2048K, 138 young (282624K), 5 survivors (10240K)
 Metaspace       used 71470K, committed 72192K, reserved 1114112K
  class space    used 10043K, committed 10368K, reserved 1048576K
}
Event: 10.625 GC heap after
{Heap after GC invocations=29 (full 0):
 garbage-first heap   total 471040K, used 56101K [0x0000000704400000, 0x0000000800000000)
  region size 2048K, 6 young (12288K), 6 survivors (12288K)
 Metaspace       used 71470K, committed 72192K, reserved 1114112K
  class space    used 10043K, committed 10368K, reserved 1048576K
}
Event: 10.713 GC heap before
{Heap before GC invocations=29 (full 0):
 garbage-first heap   total 471040K, used 326437K [0x0000000704400000, 0x0000000800000000)
  region size 2048K, 138 young (282624K), 6 survivors (12288K)
 Metaspace       used 71470K, committed 72192K, reserved 1114112K
  class space    used 10043K, committed 10368K, reserved 1048576K
}
Event: 10.718 GC heap after
{Heap after GC invocations=30 (full 0):
 garbage-first heap   total 471040K, used 57205K [0x0000000704400000, 0x0000000800000000)
  region size 2048K, 6 young (12288K), 6 survivors (12288K)
 Metaspace       used 71470K, committed 72192K, reserved 1114112K
  class space    used 10043K, committed 10368K, reserved 1048576K
}
Event: 10.799 GC heap before
{Heap before GC invocations=30 (full 0):
 garbage-first heap   total 471040K, used 327541K [0x0000000704400000, 0x0000000800000000)
  region size 2048K, 138 young (282624K), 6 survivors (12288K)
 Metaspace       used 71470K, committed 72192K, reserved 1114112K
  class space    used 10043K, committed 10368K, reserved 1048576K
}
Event: 10.804 GC heap after
{Heap after GC invocations=31 (full 0):
 garbage-first heap   total 471040K, used 58381K [0x0000000704400000, 0x0000000800000000)
  region size 2048K, 7 young (14336K), 7 survivors (14336K)
 Metaspace       used 71470K, committed 72192K, reserved 1114112K
  class space    used 10043K, committed 10368K, reserved 1048576K
}
Event: 10.887 GC heap before
{Heap before GC invocations=31 (full 0):
 garbage-first heap   total 471040K, used 326669K [0x0000000704400000, 0x0000000800000000)
  region size 2048K, 138 young (282624K), 7 survivors (14336K)
 Metaspace       used 71470K, committed 72192K, reserved 1114112K
  class space    used 10043K, committed 10368K, reserved 1048576K
}

