# JRE version: OpenJDK Runtime Environment (17.0.2+8) (build 17.0.2+8-86)
# Java VM: OpenJDK 64-Bit Server VM (17.0.2+8-86, mixed mode, emulated-client, sharing, tiered, compressed oops, compressed class ptrs, g1 gc, windows-amd64)
GC Precious Log:
 CPUs: 8 total, 8 available
 Memory: 16110M
 Large Page Support: Disabled
 NUMA Support: Disabled
 Compressed Oops: Enabled (Zero based)
 Heap Region Size: 2M
 Heap Min Capacity: 8M
 Heap Initial Capacity: 252M
 Heap Max Capacity: 4028M
 Pre-touch: Disabled
 Parallel Workers: 8
 Concurrent Workers: 2
 Concurrent Refinement Workers: 8
 Periodic GC: Disabled
Heap:
 garbage-first heap   total 659456K, used 57650K [0x0000000704400000, 0x0000000800000000)
  region size 2048K, 7 young (14336K), 7 survivors (14336K)
 Metaspace       used 71476K, committed 72192K, reserved 1114112K
  class space    used 10048K, committed 10368K, reserved 1048576K
GC Heap History (20 events):
Event: 16.110 GC heap after
{Heap after GC invocations=22 (full 0):
 garbage-first heap   total 137216K, used 44817K [0x0000000704400000, 0x0000000800000000)
  region size 2048K, 2 young (4096K), 2 survivors (4096K)
 Metaspace       used 71476K, committed 72192K, reserved 1114112K
  class space    used 10048K, committed 10368K, reserved 1048576K
}
Event: 16.114 GC heap before
{Heap before GC invocations=22 (full 0):
 garbage-first heap   total 137216K, used 46865K [0x0000000704400000, 0x0000000800000000)
  region size 2048K, 3 young (6144K), 2 survivors (4096K)
 Metaspace       used 71476K, committed 72192K, reserved 1114112K
  class space    used 10048K, committed 10368K, reserved 1048576K
}
Event: 16.118 GC heap after
{Heap after GC invocations=23 (full 0):
 garbage-first heap   total 303104K, used 44515K [0x0000000704400000, 0x0000000800000000)
  region size 2048K, 1 young (2048K), 1 survivors (2048K)
 Metaspace       used 71476K, committed 72192K, reserved 1114112K
  class space    used 10048K, committed 10368K, reserved 1048576K
}
Event: 16.256 GC heap before
{Heap before GC invocations=23 (full 0):
 garbage-first heap   total 303104K, used 222691K [0x0000000704400000, 0x0000000800000000)
  region size 2048K, 88 young (180224K), 1 survivors (2048K)
 Metaspace       used 71476K, committed 72192K, reserved 1114112K
  class space    used 10048K, committed 10368K, reserved 1048576K
}
Event: 16.259 GC heap after
{Heap after GC invocations=24 (full 0):
 garbage-first heap   total 303104K, used 46497K [0x0000000704400000, 0x0000000800000000)
  region size 2048K, 2 young (4096K), 2 survivors (4096K)
 Metaspace       used 71476K, committed 72192K, reserved 1114112K
  class space    used 10048K, committed 10368K, reserved 1048576K
}
Event: 16.344 GC heap before
{Heap before GC invocations=24 (full 0):
 garbage-first heap   total 303104K, used 222625K [0x0000000704400000, 0x0000000800000000)
  region size 2048K, 88 young (180224K), 2 survivors (4096K)
 Metaspace       used 71476K, committed 72192K, reserved 1114112K
  class space    used 10048K, committed 10368K, reserved 1048576K
}
Event: 16.349 GC heap after
{Heap after GC invocations=25 (full 0):
 garbage-first heap   total 303104K, used 48221K [0x0000000704400000, 0x0000000800000000)
  region size 2048K, 3 young (6144K), 3 survivors (6144K)
 Metaspace       used 71476K, committed 72192K, reserved 1114112K
  class space    used 10048K, committed 10368K, reserved 1048576K
}
Event: 16.420 GC heap before
{Heap before GC invocations=25 (full 0):
 garbage-first heap   total 303104K, used 222301K [0x0000000704400000, 0x0000000800000000)
  region size 2048K, 88 young (180224K), 3 survivors (6144K)
 Metaspace       used 71476K, committed 72192K, reserved 1114112K
  class space    used 10048K, committed 10368K, reserved 1048576K
}
Event: 16.423 GC heap after
{Heap after GC invocations=26 (full 0):
 garbage-first heap   total 303104K, used 49562K [0x0000000704400000, 0x0000000800000000)
  region size 2048K, 4 young (8192K), 4 survivors (8192K)
 Metaspace       used 71476K, committed 72192K, reserved 1114112K
  class space    used 10048K, committed 10368K, reserved 1048576K
}
Event: 16.480 GC heap before
{Heap before GC invocations=26 (full 0):
 garbage-first heap   total 303104K, used 221594K [0x0000000704400000, 0x0000000800000000)
  region size 2048K, 88 young (180224K), 4 survivors (8192K)
 Metaspace       used 71476K, committed 72192K, reserved 1114112K
  class space    used 10048K, committed 10368K, reserved 1048576K
}
Event: 16.486 GC heap after
{Heap after GC invocations=27 (full 0):
 garbage-first heap   total 659456K, used 50679K [0x0000000704400000, 0x0000000800000000)
  region size 2048K, 4 young (8192K), 4 survivors (8192K)
 Metaspace       used 71476K, committed 72192K, reserved 1114112K
  class space    used 10048K, committed 10368K, reserved 1048576K
}
Event: 16.843 GC heap before
{Heap before GC invocations=27 (full 0):
 garbage-first heap   total 659456K, used 437751K [0x0000000704400000, 0x0000000800000000)
  region size 2048K, 193 young (395264K), 4 survivors (8192K)
 Metaspace       used 71476K, committed 72192K, reserved 1114112K
  class space    used 10048K, committed 10368K, reserved 1048576K
}
Event: 16.852 GC heap after
{Heap after GC invocations=28 (full 0):
 garbage-first heap   total 659456K, used 52810K [0x0000000704400000, 0x0000000800000000)
  region size 2048K, 5 young (10240K), 5 survivors (10240K)
 Metaspace       used 71476K, committed 72192K, reserved 1114112K
  class space    used 10048K, committed 10368K, reserved 1048576K
}
Event: 17.040 GC heap before
{Heap before GC invocations=28 (full 0):
 garbage-first heap   total 659456K, used 437834K [0x0000000704400000, 0x0000000800000000)
  region size 2048K, 193 young (395264K), 5 survivors (10240K)
 Metaspace       used 71476K, committed 72192K, reserved 1114112K
  class space    used 10048K, committed 10368K, reserved 1048576K
}
Event: 17.051 GC heap after
{Heap after GC invocations=29 (full 0):
 garbage-first heap   total 659456K, used 54172K [0x0000000704400000, 0x0000000800000000)
  region size 2048K, 6 young (12288K), 6 survivors (12288K)
 Metaspace       used 71476K, committed 72192K, reserved 1114112K
  class space    used 10048K, committed 10368K, reserved 1048576K
}
Event: 17.233 GC heap before
{Heap before GC invocations=29 (full 0):
 garbage-first heap   total 659456K, used 437148K [0x0000000704400000, 0x0000000800000000)
  region size 2048K, 193 young (395264K), 6 survivors (12288K)
 Metaspace       used 71476K, committed 72192K, reserved 1114112K
  class space    used 10048K, committed 10368K, reserved 1048576K
}
Event: 17.246 GC heap after
{Heap after GC invocations=30 (full 0):
 garbage-first heap   total 659456K, used 56094K [0x0000000704400000, 0x0000000800000000)
  region size 2048K, 7 young (14336K), 7 survivors (14336K)
 Metaspace       used 71476K, committed 72192K, reserved 1114112K
  class space    used 10048K, committed 10368K, reserved 1048576K
}
Event: 17.403 GC heap before
{Heap before GC invocations=30 (full 0):
 garbage-first heap   total 659456K, used 437022K [0x0000000704400000, 0x0000000800000000)
  region size 2048K, 193 young (395264K), 7 survivors (14336K)
 Metaspace       used 71476K, committed 72192K, reserved 1114112K
  class space    used 10048K, committed 10368K, reserved 1048576K
}
Event: 17.416 GC heap after
{Heap after GC invocations=31 (full 0):
 garbage-first heap   total 659456K, used 57287K [0x0000000704400000, 0x0000000800000000)
  region size 2048K, 7 young (14336K), 7 survivors (14336K)
 Metaspace       used 71476K, committed 72192K, reserved 1114112K
  class space    used 10048K, committed 10368K, reserved 1048576K
}
Event: 17.566 GC heap before
{Heap before GC invocations=31 (full 0):
 garbage-first heap   total 659456K, used 438215K [0x0000000704400000, 0x0000000800000000)
  region size 2048K, 193 young (395264K), 7 survivors (14336K)
 Metaspace       used 71476K, committed 72192K, reserved 1114112K
  class space    used 10048K, committed 10368K, reserved 1048576K
}

